mktextfm Arial
mktextfm Arial
mktextfm Arial
mktextfm Arial/BI
mktextfm Arial
mktextfm Arial/B
mktextfm Arial
mktextfm Arial/I
mktextfm Arial
mktextfm Arial
mktextfm Arial
mktextfm Arial
mktextfm Arial
mktextfm Arial
mktextfm Arial
mktextfm Arial
mktextfm Alegreya
mktextfm Alegreya
mktextfm Alegreya
mktextfm Alegreya/BI
mktextfm Alegreya
mktextfm Alegreya/B
mktextfm Alegreya
mktextfm Alegreya/I
mktextfm Alegreya
mktextfm Alegreya
mktextfm Alegreya
mktextfm Alegreya
mktextfm Alegreya
mktextfm Alegreya
mktextfm Alegreya
mktextfm Alegreya
mktextfm Alegreya
